[    0.000000] Initializing cgroup subsys cpuset
[   0.00000] Initializing cgroup subsys cpu
[    0.000000] Initializing cgroup subsys cpuacct
[    0.000000] Linux ersion 4.4.0-171-generic (buildd@lcy01-amd64-018) (gcc version 5.4.0 20160609 (Ubuntu 5.4.0-6ubuntu1~16.04.12) ) #200-Ubuntu SMP Tue Dec 3 11:04:55 UTC 2019 (Ubuntu 4.4.0-171.20-generic 4.4.203)
[    0.000000] Command line: BOOT_IIMAGE=/boot/vmlinuz-4.4.0-171-generic root=LABEL=cloudimg-rootfs ro console=tty1 console=ttyS0
[    0.000000] KERNEL supported cpus:
[    0.000000]   Intel GenuineIntel
[    0.000000]   AMD AuthenticAMD
[    0.000000]   Centaur CentaurHauls
[    0.000000] x86/fpu: xstate_offset[2]:  576, xstate_sizes[2]:  256
[    0.000000] x86/fpu: Supporting XSAVE feature 0x01: 'x87 floating point registers'
[    0.00000] x86/fpu: Supporting XSAVE feature 0x02: 'SSE registers'
[    0.000000] x86/fpu: Supporting XSAVE feature 0x04: 'AVX registers'
[    0.000000] x86/fpu: Enabled xstate features 0x7, context size is 832 bytes, using 'standard' format.
[    0.000000] e820: BIOS-provided physical RAM map:[    0.000000] BIOS-e820: [mem 0x0000000000000000-0x000000000009fbff] usable
[    0.000000] BIOS-e820: [mem 0x000000000009fc00-0x000000000009ffff] reserved[  00000] IO-e20: [m 000000000000-0x000000000fffff] reserved
[    0.000000] BIOS-e820: [mem 0x0000000000100000-0x000000003ffeffff] usable
[    0.000000] BIOS-e820: [mem 0x000000003fff0000-0x000000003fffffff] ACPI data
[    0.000000] BIOS-e820: [mem 0x00000000fec00000-0x00000000fec00fff] reserved
[    0.000000] BIOS-e820: [mem 0x00000000fee00000-0x00000000fee00fff] reserved
[    0.000000] BIOS-e820: [mem 0x00000000fffc0000-0x00000000ffffffff] reserved
[    0.000000] NX (Execute Disable) protection: active
[    0.000000] SMBIOS 2.5 present.
[    0.000000] Hypervisor detected: KVM
[    0.000000] Kernel/User page tables isolation: disabled
[    0.000000] e820: last_pfn = 0x3fff0 max_arch_pfn = 0x400000000
[    0.000000] MTRR: Disabled
[    0.000000] x86/PAT: MTRRs disabled, skipping PAT initialization too.
[    0.000000] CPU MTRRs all blank - virtualized system.
[    0.000000] x86/PAT: Configuration [0-7]: WB  WT  UC- UC  WB  WT  UC- UC  
[    0.000000] found SMP MP-table at [mem 0x0009fff0-0x0009ffff] mapped at [ffff88000009fff0]
[    0.000000] Scanning 1 areas for low memory corruption
[    0.000000] RAMDISK: [mem 0x362e2000-0x37168fff]
[    0.000000] ACPI: Early table checksum verification disabled
[    0.000000] ACPI: RSDP 0x00000000000E0000 000024 (v02 VBOX  )
[    0.000000] ACPI: XSDT 0x000000003FFF0030 00003C (v01 VBOX   VBOXXSDT 00000001 ASL  00000061)
[    0.000000] ACPI: FACP 0x000000003FFF00F0 0000F4 (v04 VBOX   VBOXFACP 00000001 ASL  00000061)
[    0.000000] ACPI: DSDT 0x000000003FFF0470 0021FF (v02 VBOX   VBOXBIOS 00000002 INTL 20100528)
[    0.000000] ACPI: FACS 0x000000003FFF0200 000040
[    0.000000] ACPI: FACS 0x000000003FFF0200 000040
[    0.000000] ACPI: APIC 0x000000003FFF0240 00005C (v02 VBOX   VBOXAPIC 00000001 ASL  00000061)
[    0.000000] ACPI: SSDT 0x000000003FFF02A0 0001CC (v01 VBOX   VBOXCPUT 00000002 INTL 20100528)
[    0.000000] No NUMA configuration found
[    0.000000] Faking a node at [mem 0x0000000000000000-0x000000003ffeffff]
[    0.000000] NODE_DATA(0) allocated [mem 0x3ffeb000-0x3ffeffff]
[    0.000000] kvm-clock: Using msrs 4b564d01 and 4b564d00
[    0.000000] kvm-clock: cpu 0, msr 0:3ffe3001, primary cpu clock
[    0.000000] kvm-clock: using sched offset of 3616976244 cycles
[    0.000000] clocksource: kvm-clock: mask: 0xffffffffffffffff max_cycles: 0x1cd42e4dffb, max_idle_ns: 881590591483 ns
[    0.000000] Zone ranges:
[    0.000000]   DMA      [mem 0x0000000000001000-0x0000000000ffffff]
[    0.000000]   DMA32    [mem 0x0000000001000000-0x000000003ffeffff]
[    0.000000]   Normal   empty
[    0.000000]   Device   empty
[    0.000000] Movable zone start for each node
[    0.000000] Early memory node ranges
[    0.000000]   node   0: [mem 0x0000000000001000-0x000000000009efff]
[    0.000000]   node   0: [mem 0x0000000000100000-0x000000003ffeffff]
[    0.000000] Initmem setup node 0 [mem 0x0000000000001000-0x000000003ffeffff]
[    0.000000] ACPI: PM-Timer IO Port: 0x4008
[    0.000000] IOAPIC[0]: apic_id 2, version 32, address 0xfec00000, GSI 0-23
[    0.000000] ACPI: INT_SRC_OVR (bus 0 bus_irq 0 global_irq 2 dfl dfl)
[    0.000000] ACPI: INT_SRC_OVR (bus 0 bus_irq 9 global_irq 9 low level)
[    0.000000] Using ACPI (MADT) for SMP configuration information
[    0.000000] smpboot: Allowing 2 CPUs, 0 hotplug CPUs
[    0.000000] PM: Registered nosave memory: [mem 0x00000000-0x00000fff]
[    0.000000] PM: Registered nosave memory: [mem 0x0009f000-0x0009ffff]
[    0.000000] PM: Registered nosave memory: [mem 0x000a0000-0x000effff]
[    0.000000] PM: Registered nosave memory: [mem 0x000f0000-0x000fffff]
[    0.000000] e820: [mem 0x40000000-0xfebfffff] available for PCI devices
[    0.000000] Booting paravirtualized kernel on KVM
[    0.000000] clocksource: refined-jiffies: mask: 0xffffffff max_cycles: 0xffffffff, max_dle_ns: 7645519600211568 ns
[    0.000000] setup_percpu: NR_CPUS:512 nr_cpumask_bits:512 nr_cpu_ids:2 nr_node_ids:1
[    0.000000] PERCPU: Embedded 33 pages/cpu @ffff88003fc00000 s95448 r8192 d31528 u1048576
[    0.000000] Built 1 zonelists in Node order, mobility grouping on.  Total pages: 257912
[    0.000000] Policy zone: DMA32
[    0.000000] Kernel command line: BOOT_IMAGE=/boot/vmlinuz-4.4.0-171-generic root=LABEL=cloudimg-rootfs ro console=tty1 console=ttyS0
[    0.000000] PID hash table entries: 4096 (order: 3, 32768 bytes)
[    0.000000] Memory: 997680K/1048120K ailable (8626K kernel code, 1336K rwdata, 4032K rodata, 1488K init, 1288K bss, 50440K reserved, 0K cma-reserved)
[    0.000000] SLUB: HWalign=64, Order=0-3, MinObjects=0, CPUs=2, Nodes=1
[    0.000000] Hierarchical RCU implementation.
[    0.000000] 	Build-time adjustment of leaf fanout to 64.
[    0.000000] 	RCU restricting CPUs from NR_CPUS=512 to nr_cpu_ids=2.
[    0.000000] RCU: Adjusting geometry for rcu_fanout_leaf=64, nr_cpu_ids=2
[    0.00000] NR_IRQS:33024 nr_irqs:440 16
[    0.000000] Console: colour VGA+ 80x25
[    0.000000] console [tty1] enabled
[    0.000000] console [ttyS0] enabled
[    0.000000] tsc: Detected 1992.004 MHz processor
[    0.571119] Calibrating delay loop (skipped) preset value.. 3984.00 BogoMIPS (lpj=7968016)
[    0.572377] pid_max: default: 32768 minimum: 301
[    0.57294] ACPI: Core revision 20150930
[    0.584314] ACPI: 2 ACPI AML tables successfully acquired and loaded
[    0.585230] Security Framework initialized
[    0.585839] Yama: becoming mindful.
[    0.586353] AppArmor: AppArmor initialized
[    0.587017] Dentry cache hash table entries: 131072 (order: 8, 1048576 bytes)
[    0.588138] Inode-cache hash table entries: 65536 (order: 7, 524288 bytes)
[    0.595637] Mount-cache hash table entries: 2048 (order: 2, 16384 bytes)
[    0.596537] Mountpoint-cache hash table entries: 2048 (order: 2, 16384 bytes)
[    0.597539] Initializing cgroup subsys io
[    0.598102] Initializing cgroup subsys memory
[    0.598801] Initializing cgroup subsys devices
[    0.599446] Initializing cgroup subsys freezer
[    0.600063] Initializing cgroup subsys net_cls
[    0.600700] Initializing cgroup subsys perf_event
[    0.601322] Initializing cgroup subsys net_prio
[    0.601986] Initializing cgroup subsys hugetlb
[    0.602618] Initializing cgroup subsys pids
[    0.604387] mce: CPU supports 0 MCE banks
[    0.604965] Last level iTLB entries: 4KB 64, 2MB 8, 4MB 8
[    0.605693] Last level dTLB entries: 4KB 64, 2MB 0, 4MB 0, 1GB 4
[    0.606481] Spectre V1 : Mitigation: usercopy/swapgs barriers and __user pointer sanitization
[    0.607688] Spectre V2 : Mitigation: Enhanced IBRS
[    0.608354] Spectre V2 : Spectre v2 / SpectreRSB mitigation: Filling RSB on context switch

[    0.609529] Speculative Store Bypass: Vulnerable
[    0.612118] Freeing SMP alternatives memory: 36K
[    0.680758] ftrace: allocating 32302 entries in 127 pages
[    0.751293] smpboot: APIC(0) Converting physical 0 to logical package 0
[    0.752478] smpboot: Max logical packages: 1
[    0.753452] x2apic enabled
[    0.754253] Switched APIC routing to physical x2apic.
[    0.756117] ..TIMER: vector=0x30 apic1=0 pin1=2 apic2=-1 pin2=-1
[    0.885568] smpboot: CPU0: Intel(R) Core(TM) i7-8565U CPU @ 1.80GHz (family: 0x6, model: 0x8e, stepping: 0xc)
[    0.887190] Performance Events: unsupported p6 CPU model 142 no PMU driver, software events only.
[    0.893970] KVM setup paravirtual spinlock
[    0.913570] x86: Booting SMP configuration:
[    0.980400] .... node  #0, CPUs:      #1
[    0.994437] kvm-clock: cpu 1, msr 0:3ffe3041, secondary cpu clock
[    1.020429] mce: CPU supports 0 MCE banks
[    1.048651] x86: Booted up 1 node, 2 CPUs
[    1.049454] smpboot: Total of 2 processors activated (7968.01 BogoMIPS)
[    1.050625] devtmpfs: initialized
[    1.052658] evm: security.selinux
[    1.053164] evm: security.SMACK64
[    1.053701] evm: security.SMACK64EXEC
[    1.064464] evm: security.SMACK64TRANSMUTE
[    1.137574] evm: security.SMACK64MMAP
[    1.145676] evm: security.ima
[    1.146187] evm: security.capability
[    1.146924] clocksource: jiffies: mask: 0xffffffff max_cycles: 0xffffffff, max_idle_ns: 7645041785100000 ns
[    1.148435] futex hash table entries: 512 (order: 3, 32768 bytes)
[    1.149406] pinctrl core: initialized pinctrl subsystem
[    1.150243] RTC time: 19:11:28, date: 01/29/20
[    1.158584] NET: Registered protocol family 16
[    1.169512] cpuidle: using governor ladder
[    1.183260] cpuidle: using governor menu
[    1.244154] PCCT header not found.
[    1.302570] ACPI: bus type PCI registered
[    1.334081] acpiphp: ACPI Hot Plug PCI Controller Driver version: 0.5
[    1.334998] PCI: Using configuration type 1 for base access
[    1.351624] ACPI: Added _OSI(Module Device)
[    1.352338] ACPI: Added _OSI(Processor Device)
[    1.355516] ACPI: Added _OSI(3.0 _SCP Extensions)
[    1.395831] ACPI: Added _OSI(Processor Aggregator Device)
[    1.397174] ACPI: Executed 1 blocks of module-level executable AML code
[    1.400420] ACPI: Interpreter enabled
[    1.401262] ACPI: (supports S0 S5)
[    1.402013] ACPI: Using IOAPIC for interrupt routing
[    1.403161] PCI: Using host bridge windows from ACPI; if necessary, use "pci=nocrs" and report a bug
[    1.408137] ACPI: PCI Root Bridge [PCI0] (domain 0000 [bus 00-ff])
[    1.410015] acpi PNP0A03:00: _OSC: OS supports [ASPM ClockPM Segments MSI]
[    1.416801] acpi PNP0A03:00: _OSC: not requesting OS control; OS requires [ExtendedConfig ASPM ClockPM MSI]
[    1.513761] acpi PNP0A03:00: fail to add MMCONFIG information, can't access extended PCI configuration space under this bridge.
[    1.515601] PCI host bridge to bus 0000:00
[    1.524134] pci_bus 0000:00: root bus resource [io  0x0000-0x0cf7 window]
[    1.543733] pci_bus 0000:00: root bus resource [io  0x0d00-0xffff window]
[    1.544695] pci_bus 0000:00: root bus resource [mem 0x000a0000-0x000bffff window]
[    1.545763] pci_bus 0000:00: root bus resource [mem 0x40000000-0xfdffffff window]
[    1.546828] pci_bus 0000:00: root bus resource [bus 00-ff]
[    1.583891] pci 0000:00:01.1: legacy IDE quirk: reg 0x10: [io  0x01f0-0x01f7]
[    1.585180] pci 0000:00:01.1: legacy IDE quirk: reg 0x14: [io  0x03f6]
[    1.587633] pci 0000:00:01.1: legacy IDE quirk: reg 0x18: [io  0x0170-0x0177]
[    1.611530] pci 0000:00:01.1: legacy IDE quirk: reg 0x1c: [io  0x0376]
[    1.637511] pci 0000:00:07.0: quirk: [io  0x4000-0x403f] claimed by PIIX4 ACPI
[    1.645657] pci 0000:00:07.0: quirk: [io  0x4100-0x410f] claimed by PIIX4 SMB
[    1.681201] ACPI: PCI Interrupt Link [LNKA] (IRQs 5 9 10 *11)
[    1.689876] ACPI: PCI Interrupt Link [LNKB] (IRQs 5 9 *10 11)
[    1.690984] ACPI: PCI Interrupt Link [LNKC] (IRQs 5 *9 10 11)
[    1.693245] ACPI: PCI Interrupt Link [LNKD] (IRQs 5 9 10 *11)
[    1.711996] ACPI: Enabled 2 GPEs in block 00 to 07
[    1.712851] vgaarb: setting as boot device: PCI:0000:00:02.0
[    1.720362] vgaarb: device added: PCI:0000:00:02.0,decodes=io+mem,owns=io+mem,locks=none
[    1.724857] vgaarb: loaded
[    1.727570] vgaarb: bridge control possible 0000:00:02.0
[    1.760112] SCSI subsystem initialized
[    1.765093] ACPI: bus type USB registered
[    1.779586] usbcore: registered new interface driver usbfs
[    1.781693] usbcore: registered new interface driver hub
[    1.785857] usbcore: registered new device driver usb
[    1.786905] PCI: Using ACPI for IRQ routing
[    1.792161] NetLabel: Initializing
[    1.792694] NetLabel:  domain hash size = 128
[    1.793495] NetLabel:  protocols = UNLABELED CIPSOv4
[    1.813688] NetLabel:  unlabeled traffic allowed by default
[    1.814897] amd_nb: Cannot enumerate AMD northbridges
[    1.818501] clocksource: Switched to clocksource kvm-clock
[    1.844922] AppArmor: AppArmor Filesystem Enabed
[   1.872341] pnp: PnP ACPI init
[    1.893654] pnp: PnP ACPI: found 3 devices

[    1.901691] clocksource: acpi_pm: mask: 0xffffff max_cycles: 0xffffff,max_idle_s: 2085701024 ns
[    1.944562] NET: Registered protocol family 2

[    1.945315] TCP established hash table entries: 8192 (order: 4, 65536 bytes)
[    1.946204] TCP bind hash table entries: 8192 (order: 5, 131072 bytes)
[    1.947041] TCP: Hash tables configured (established 8192 bind 8192)
[  1.947922] UDP hash tabe entries: 512 (order: 2, 16384 bytes)
[  20132] P-it hash table entries: 512 (order: 2, 16384 bytes)
[    2.206132] NET: Registered protocol family 1
[    2.206781] pci 0000:00:00.0: Limiting direct PCI/PCI transfers
[    2.207600] pci 0000:00:01.0: Activating ISA DMA hang workarounds
[    2.214811] Unpacking initramfs...

[    2.502850] Freeing initrd memory: 14876K
[    2.531380] clocksource: tsc: mask: 0xffffffffffffffff max_cycles: 0x396d59a56c3, max_idle_ns: 881590573781 ns
[    2.532889] platform rtc_cmos: registered platform RTC device (no PNP device found)
[    2.535246] Scanning for low memory corruption every 60 seconds
[    2.536284] audit: initializing netlink subsys (disabled)
[    2.537042] audit: type=2000 audit(1580325093.642:1): initialized
[    2.538026] Initialise system trusted keyring
[    2.538812] HugeTLB registered 2 MB page size, pre-allocated 0 pages
[    2.540603] zbud: loaded
[    2.541262] VFS: Disk quotas dquot_6.6.0
[    2.541875] VFS: Dquot-cache hash table entries: 512 (order 0, 4096 bytes)
[    2.556791] squashfs: version 4.0 (2009/01/31) Phillip Lougher
[    2.557991] fuse init (API version 7.23)
[    2.589573] Key type big_key registered
[    2.614287] Allocating IMA MOK and blacklist keyrings.
[    2.616704] Key type asymmetric registered
[    2.617408] Asymmetric key parser 'x509' registered
[    2.618125] Block layer SCSI generic (bsg) driver version 0.4 loaded (major 249)
[    2.619275] io scheduler noop registered
[    2.634771] io scheduler deadline registered (default)
[    2.635540] io scheduler cfq registered
[    2.636201] pci_hotplug: PCI Hot Plug PCI Core version: 0.5
[    2.636907] pciehp: PCI Express Hot Plug Controller Driver version: 0.4
[    2.637838] ACPI: AC Adapter [AC] (on-line)
[    2.638490] input: Power Button as /devices/LNXSYSTM:00/LNXPWRBN:00/input/input0
[    2.639609] ACPI: Power Button [PWRF]
[    2.640239] input: Sleep Button as /devices/LNXSYSTM:00/LNXSLPBN:00/input/input1
[    2.641301] ACPI: Sleep Button [SLPF]
[    2.641999] GHES: HEST is not enabled!
[    2.642492] ACPI: Battery Slot [BAT0] (battery present)
[    2.645472] Serial: 8250/16550 driver, 32 ports, IRQ sharing enabled
[    2.698824] 00:02: ttyS0 at I/O 0x3f8 (irq = 4, base_baud = 115200) is a 16550A
[    2.837344] Linux agpgart interface v0.103
[    2.841127] loop: module loaded
[    2.842296] scsi host0: ata_piix
[    2.843272] scsi host1: ata_piix
[    2.847516] ata1: PATA max UDMA/33 cmd 0x1f0 ctl 0x3f6 bmdma 0xd000 irq 14
[    2.850389] ata2: PATA max UDMA/33 cmd 0x170 ctl 0x376 bmdma 0xd008 irq 15
[    2.851557] libphy: Fixed MDIO Bus: probed
[    2.852294] tun: Universal TUN/TAP device driver, 1.6
[    2.853106] tun: (C) 1999-2004 Max Krasnyansky <maxk@qualcomm.com>
[    2.854124] PPP generic driver version 2.4.2
[    2.854962] ehci_hcd: USB 2.0 'Enhanced' Host Controller (EHCI) Driver
[    2.856168] ehci-pci: EHCI PCI platform driver
[    2.857098] ehci-platform: EHCI generic platform driver
[    2.858139] ohci_hcd: USB 1.1 'Open' Host Controller (OHCI) Driver
[    2.859325] ohci-pci: OHCI PCI platform driver
[    2.860297] ohci-platform: OHCI generic platform driver
[    2.881739] uhci_hcd: USB Universal Host Controller Interface driver
[    989856] i8042: PNP: PS/2 Controller [PNP0303:PS2K,PNP0f03:PS2M] at 0x60,0x64 irq 1,12

[    3.052906] serio: i8042 KBD port at 0x60,0x64 irq 1
[    3.053885] serio: i8042 AUX port at 0x60,0x64 irq 12
[    3.055272] mousedev: PS/2 mouse device common for all mice
[    3.062776] input: AT Translated Set 2 keyboard as /devices/platform/i8042/serio0/input/input2
[    3.064259] rtc_cmos rtc_cmos: rtc core: registered rtc_cmos as rtc0
[    3.084782] rtc_cmos rtc_cmos: alarms up to one day, 114 bytes nvram
[    3.085633] i2c /dev entries driver
[    3.086236] device-mapper: uevent: version 1.0.3
[    3.087082] device-mapper: ioctl: 4.34.0-ioctl (2015-10-28) initialised: dm-devel@redhat.com
[    3.095145] ledtrig-cpu: registered to indicate activity on CPUs
[    3.102998] NET: Registered protocol family 10
[    3.128956] NET: Registered protocol family 17
[    3.144965] Key type dns_resolver registered
[    3.157266] registered taskstats version 1
[    3.157890] Loading compiled-in X.509 certificates
[    3.165263] Loaded X.509 cert 'Build time autogenerated kernel key: e951a32ceec0422669d36e9913b2c7dea5e0a587'
[    3.168405] zswap: loaded using pool lzo/zbud
[    3.170087] Key type trusted registered
[    3.172438] Key type encrypted registered
[    3.173049] AppArmor: AppArmor sha1 policy hashing enabled
[    3.173743] ima: No TPM chip found, activating TPM-bypass!
[    3.174506] ima: Allocated hash algorithm: sha1
[    3.175252] evm: HMAC attrs: 0x1
[    3.176096]   Magic number: 4:780:193
[    3.179406] rtc_cmos rtc_cmos: setting system clock to 2020-01-29 19:11:30 UTC (1580325090)
[    3.180732] BIOS EDD facility v0.16 2004-Jun-25, 0 devices found
[    3.181533] EDD information not available.
[    3.183332] Freeing unused kernel memory: 1488K
[    3.199296] Write protecting the kernel read-only data: 14336k
[    3.200349] Freeing unused kernel memory: 1604K
[    3.201099] Freeing unused kernel memory: 64K
Loading, please wait...
starting version[    3.208971] random: systemd-udevd: uninitialized urandom read (16 bytes read, 3 bits of entropy available)
 229
[    3.209273] random: udevadm: uninitialized urandom read (16 bytes read, 3 bits of entropy available)
[    3.209284] random: udevadm: uninitialized urandom read (16 bytes read, 3 bits of entropy available)
[    3.213587] random: udevadm: uninitialized urandom read (16 bytes read, 3 bits of entropy available)
[    3.213610] random: udevadm: uninitialized urandom read (16 bytes read, 3 bits of entropy available)
[    3.213678] random: udevadm: uninitialized urandom read (16 bytes read, 3 bits of entropy available)
[    3.213703] random: udevadm: uninitialized urandom read (16 bytes read, 3 bits of entropy available)
[    3.213728] random: udevadm: uninitialized urandom read (16 bytes read, 3 bits of entropy available)
[    3.213752] random: udevadm: uninitialized urandom read (16 bytes read, 3 bits of entropy available)
[    3.213774] random: udevadm: uninitialized urandom read (16 bytes read, 3 bits of entropy available)
[    3.298338] Fusion MPT base driver 3.04.20
[    3.300596] Copyright (c) 1999-2008 LSI Corporation
[    3.321350] e1000: Intel(R) PRO/1000 Network Driver - version 7.3.21-k8-NAPI
[    3.328970] e1000: Copyright (c) 1999-2006 Intel Corporation.
[    3.339839] AVX2 version of gcm_enc/dec engaged.
[    3.340863] AES CTR mode by8 optimization enabled
[    3.348248] Fusion MPT SPI Host driver 3.04.20
[    3.515524] input: ImExPS/2 Generic Explorer Mouse as /devices/platform/i8042/serio1/input/input4
[    3.714333] e1000 0000:00:03.0 eth0: (PCI:33MHz:32-bit) 02:d7:6c:25:93:fc
[    3.873260] e1000 0000:00:03.0 eth0: Intel(R) PRO/1000 Network Connection
[    4.242501] e1000 0000:00:08.0 eth1: (PCI:33MHz:32-bit) 08:00:27:77:5d:36
[    4.259035] e1000 0000:00:08.0 eth1: Intel(R) PRO/1000 Network Connection
[    4.260561] e1000 0000:00:03.0 enp0s3: renamed from eth0
[    4.263204] mptbase: ioc0: Initiating bringup
[    4.307702] e1000 0000:00:08.0 enp0s8: renamed from eth1
[    4.351275] ioc0: LSI53C1030 A0: Capabilities={Initiator}
[    4.514669] scsi host2: ioc0: LSI53C1030 A0, FwRev=00000000h, Ports=1, MaxQ=256, IRQ=20
[    4.654982] scsi 2:0:0:0: Direct-Access     VBOX     HARDDISK         1.0  PQ: 0 ANSI: 5
[    4.878746] scsi target2:0:0: Beginning Domain Validation
[    4.880160] scsi target2:0:0: Domain Validation skipping write tests
[    4.991429] scsi target2:0:0: Ending Domain Validation
[    5.011848] scsi target2:0:0: asynchronous
[    5.021521] scsi 2:0:1:0: Direct-Access     VBOX     HARDDISK         1.0  PQ: 0 ANSI: 5
[    5.034610] scsi target2:0:1: Beginning Domain Validation
[    5.036120] scsi target2:0:1: Domain Validation skipping write tests
[    5.045614] scsi target2:0:1: Ending Domain Validation
[    5.531132] scsi target2:0:1: asynchronous
[    6.246383] sd 2:0:0:0: [sda] 20971520 512-byte logical blocks: (10.7 GB/10.0 GiB)
[    6.246433] sd 2:0:0:0: Attached scsi generic sg0 type 0
[    6.246857] sd 2:0:1:0: Attached scsi generic sg1 type 0
[    6.247020] sd 2:0:1:0: [sdb] 20480 512-byte logical blocks: (10.5 MB/10.0 MiB)
[    6.247155] sd 2:0:1:0: [sdb] Write Protect is off
[    6.247205] sd 2:0:1:0: [sdb] Incomplete mode parameter data
[    6.247206] sd 2:0:1:0: [sdb] Assuming drive cache: write through
[    6.248757] sd 2:0:1:0: [sdb] Attached SCSI disk
[    6.254431] sd 2:0:0:0: [sda] Write Protect is off
[    6.262126] sd 2:0:0:0: [sda] Incomplete mode parameter data
[    6.262988] sd 2:0:0:0: [sda] Assuming drive cache: write through
[    6.265640]  sda: sda1
[    6.266789] sd 2:0:0:0: [sda] Attached SCSI disk
Begin: Loading e[    7.549953] md: linear personality registered for level -1
ssential drivers[    7.575436] md: multipath personality registered for level -4
 ... [    7.662374] md: raid0 personality registered for level 0
[    7.668191] md: raid1 personality registered for level 1
[    7.746550] raid6: sse2x1   gen()  7870 MB/s
[    7.858834] raid6: sse2x1   xor()  6709 MB/s
[    7.967164] raid6: sse2x2   gen() 14432 MB/s
[    8.034525] raid6: sse2x2   xor()  9967 MB/s
[    8.123266] raid6: sse2x4   gen() 16543 MB/s
[    8.198515] raid6: sse2x4   xor()  9880 MB/s
[    8.287239] raid6: avx2x1   gen() 19824 MB/s
[    8.358518] raid6: avx2x2   gen() 28130 MB/s
[    8.462953] raid6: avx2x4   gen() 26281 MB/s
[    8.551167] raid6: using algorithm avx2x2 gen() 28130 MB/s
[    8.623619] raid6: using avx2x2 recovery algorithm
[    8.648041] xor: automatically using best checksumming function:
[    8.691202]    avx       : 28004.000 MB/sec
[    8.736588] async_tx: api initialized (async)
[    8.805710] md: raid6 personality registered for level 6
[    8.808352] md: raid5 personality registered for level 5
[    8.828650] md: raid4 personality registered for level 4
[    8.834172] md: raid10 personality registered for level 10
done.
Begin: Running /scripts/i[    8.939374] Btrfs loaded
nit-premount ... done.
Begin: Mounting root fil[    9.008706] EXT4-fs (sda1): mounted filesystem with ordered data mode. Opts: (null)
e system ... Begin: Running /scripts/local-top ... done.
Begin: Running /scripts/local-premount ... Scanning for Btrfs filesystems
done.
Warning: fsck not present, so skipping root file system
done.
Begin: Running /scripts/local-bottom ... done.
Begin: Running /scripts/init-bottom ... done.
[    9.144457] systemd[1]: systemd 229 running in system mode. (+PAM +AUDIT +SELINUX +IMA +APPARMOR +SMACK +SYSVINIT +UTMP +LIBCRYPTSETUP +GCRYPT +GNUTLS +ACL +XZ -LZ4 +SECCOMP +BLKID +ELFUTILS +KMOD -IDN)
[    9.147201] systemd[1]: Detected virtualization oracle.
[    9.148282] systemd[1]: Detected architecture x86-64.

Welcome to [1mUbuntu 16.04.6 LTS[0m!

[    9.151767] systemd[1]: Set hostname to <ubuntu>.
[    9.154392] systemd[1]: Initializing machine ID from random generator.
[    9.155441] systd[]:Installed transient /etc/machine-id file.

[    9.370314] systemd[1]: Listening on udev Control Socket.
[[0;32m  OK  [0m] Listening on udev Control Socket.
[    9.372471] systemd[1]: Listening on Journal Audit Socket.
[[0;32m  OK  [0m] Listening on Journal Audit Socket.
[    9.374539] systemd[1]: Listening on udev Kernel Socket.
[[0;32m  OK  [0m] Listening on udev Kernel Socket.
[    .376547] systemd[1]: Listeing on Devce-mapper event daemon FIFOs.
[[0;32m  OK  [0m] Listening on Device-mapper event daemon FIFOs.
[    9.537572] systemd[1]: Reached target System Time Synchronized.
[[0;32m  OK  [0m] Reached target System Time Synchronized.
[   9.643655] ste[1]:eached target Encrypted Volumes. [[0;32m  OK  [0m] Reached target Encrypted Volumes.
[   10.340350] systemd[1]: Created slice User and Session Slice.
[[0;32m  OK  [0m] Created slice User and Session Slice.
[   10.354344] systemd[1]: Listening on Syslog Socket.
[[0;32m  OK  [0m] Listening on Syslog Socket.
[   10.373963] systemd[1]: Created slice System Slice.
[[0;32m  OK  [0m] Created slice System Slice.
[   10.375615] system1]: Reached target Slices.
[[0;32m  OK  [0m] Reached target Slices.
[   10.426919] systemd[1]: Set up automount Arbitrary Executable File Formats File System Automount Point.
[[0;32m  OK  [0m] Set up automount Arbitrary Executab...ats File System Automount Point.
[   10.429994] systemd[1]: Listening on /dev/initctl Compatibility Named Pipe.
[[0;32m  OK  [0m] Listening on /dev/initctl Compatibility Named Pipe.
[   10.550466] systemd[1]: Started Trigger resolvconf update for networkd DNS.
[[0;32m  OK  [0m] Started Trigger resolvconf update for networkd DNS.
[   10.575534] systemd[1]: Listening on Journal Socket.
[[0;32m  OK  [0m] Listening on Journal Socket.
[   11.335014] systemd[1]: Mounting Huge Pages File System...
         Mounting Huge Pages File System...
[   11.435488] systemd[1]: Mounting Debug File System...
         Mounting Debug File System...
[   11.474627] systemd[1]: Starting Nameserver information manager...
         Starting Nameserver information manager...
[   11.504800] systemd[1]: Starting Load Kernel Modules...
         Starting Load Kernel Modules...
[   11.525711] Loading iSCSI transport class v2.0-870.
[   11.535151] systemd[1]: Starting Uncomplicated firewall...
         Starting Uncomplicated firewall...
[   11.539477] systemd[1]: Starting Remount Root and Kernel File Systems...
         Starting Remount[   11.563119] EXT4-fs (sda1): re-mounted. Opts: (null)
 Root and Kernel[   11.597203] iscsi: registered transport (tcp)
 File Systems...
[   11.625161] systemd[1]: Starting Create list of required static device nodes for the current kernel...
         Starting Create [   11.648245] iscsi: registered transport (iser)
list of required st... nodes for the current kernel...
[   11.670631] systemd[1]: Starting Set console keymap...
[   11.671597] random: nonblocking pool is initialized
         Starting Set console keymap...
[   11.673161] systemd[1]: Listening on Journal Socket (/dev/log).
[[0;32m  OK  [0m] Listening on Journal Socket (/dev/log).
[   11.681261] systemd[1]: Starting Journal Service...
         Starting Journal Service...
[   11.695826] systemd[1]: Created slice system-serial\x2dgetty.slice.
[[0;32m  OK  [0m] Created slice system-serial\x2dgetty.slice.
[   11.705747] systemd[1]: Listening on LVM2 poll daemon socket.
[[0;32m  OK  [0m] Listening on LVM2 poll daemon socket.
[   11.722219] systemd[1]: Reached target Swap.
[[0;32m  OK  [0m] Reached target Swap.
[   11.723905] systemd[1]: Reached target User and Group Name Lookups.
[[0;32m  OK  [0m] Reached target User and Group Name Lookups.
[   11.725924] systemd[1]: Listening on LVM2 metadata daemon socket.
[[0;32m  OK  [0m] Listening on LVM2 metadata daemon socket.
[   11.728434] systemd[1]: Starting Monitoring of LVM2 mirrors, snapshots etc. using dmeventd or progress polling...
         Starting Monitoring of LVM2 mirrors... dmeventd or progress polling...
[   11.731352] systemd[1]: Started Forward Password Requests to Wall Directory Watch.
[[0;32m  OK  [0m] Started Forward Password Requests to Wall Directory Watch.
[   11.763406] systemd[1]: Mounting POSIX Message Queue File System...
         Mounting POSIX Message Queue File System...
[   11.766211] systemd[1]: Mounted Debug File System.
[[0;32m  OK  [0m] Mounted Debug File System.
[   11.784895] systemd[1]: Mounted POSIX Message Queue File System.
[[0;32m  OK  [0m] Mounted POSIX Message Queue File System.
[   11.815211] systemd[1]: Mounted Huge Pages File System.
[[0;32m  OK  [0m] Mounted Huge Pages File System.
[   11.842919] systemd[1]: Started Journal Service.
[[0;32m  OK  [0m] Started Journal Service.
[[0;32m  OK  [0m] Started Load Kernel Modules.
[[0;32m  OK  [0m] Started Uncomplicated firewall.
[[0;32m  OK  [0m] Started Remount Root and Kernel File Systems.
[[0;32m  OK  [0m] Started Create list of required sta...ce nodes for the current kernel.
[[0;32m  OK  [0m] Started Set console keymap.
[[0;32m  OK  [0m] Started Nameserver information manager.
[[0;32m  OK  [0m] Started LVM2 metadata daemon.
         Starting Create Static Device Nodes in /dev...
         Starting udev Coldplug all Devices...
         Starting Load/Save Random Seed...
         Mounting FUSE Control File System...
         Starting Apply Kernel Variables...
         Starting Flush Journal to Persistent Storage...
[[0;32m  OK  [0m] Mounted FUSE Control File System.
[[0;32m  OK  [0m] Started Create Static Device Nodes in /dev.
[[0;32m  OK  [0m] Started Load/Save Random Seed.
[[0;32m  OK  [0m] Started Apply Kernel Variables.
         Starting udev Kernel Device Manager...
[[0;32m  OK  [0m] Started Flush Journal to Persistent Storage.
[[0;32m  OK  [0m] Started Monitoring of LVM2 mirrors,...ng dmeventd or progress polling.
[[0;32m  OK  [0m] Started udev Coldplug all Devices.
[[0;32m  OK  [0m] Started udev Kernel Device Manager.
[[0;32m  OK  [0m] Started Dispatch Password Requests to Console Directory Watch.
[[0;32m  OK  [0m] Reached target Local File Systems (Pre).
[[0;32m  OK  [0m] Reached target Local File Systems.
         Starting Initial cloud-init job (pre-networking)...
         Starting Tell Plymouth To Write Out Runtime Data...
         Starting LSB: AppArmor initialization...
         Starting Commit a transient machine-id on disk...
         Starting Set console font and keymap...
         Starting Create Volatile Files and Directories...
[[0;32m  OK  [0m] Started Tell Plymouth To Write Out Runtime Data.
[[0;32m  OK  [0m] Started Create Volatile Files and Directories.
         Starting Update UTMP about System Boot/Shutdown...
[[0;32m  OK  [0m] Started Commit a transient machine-id on disk.
[[0;32m  OK  [0m] Started Update UTMP about System Boot/Shutdown.
[[0;32m  OK  [0m] Found device /dev/ttyS0.
[[0;32m  OK  [0m] Listening on Load/Save RF Kill Switch Status /dev/rfkill Watch.
[[0;32m  OK  [0m] Started LSB: AppArmor initialization.
[   11.989155] cloud-init[467]: Cloud-init v. 19.3-41-gc4735dd3-0ubuntu1~16.04.1 running 'init-local' at Wed, 29 Jan 2020 19:11:40 +0000. Up 11.69 seconds.
[[0;32m  OK  [0m] Started Initial cloud-init job (pre-networking).
[[0;32m  OK  [0m] Reached target Network (Pre).
         Starting Raise network interfaces...
[[0;32m  OK  [0m] Started Set console font and keymap.
[[0;32m  OK  [0m] Created slice system-getty.slice.
[[0;32m  OK  [0m] Started Raise network interfaces.
[[0;32m  OK  [0m] Reached target Network.
         Starting Initial cloud-init job (metadata service crawler)...
[   13.257771] cloud-init[950]: Cloud-init v. 19.3-41-gc4735dd3-0ubuntu1~16.04.1 running 'init' at Wed, 29 Jan 2020 19:11:41 +0000. Up 12.85 seconds.
[   13.478922] cloud-init[950]: ci-info: ++++++++++++++++++++++++++++++++++++++Net device info+++++++++++++++++++++++++++++++++++++++
[   13.993235] cloud-init[950]: ci-info: +--------+-------+----------------------------+---------------+--------+-------------------+
[[0;32m  OK  [0m] Started Initial cloud-init job (metadata service crawler).
[[0;32m  OK  [0m] Reached target Network is Online.
[   14.208013] cloud-init[950]: ci-info: | Device |   Up  |          Address           |      Mask     | Scope  |     Hw-Address    |
[   14.865582] cloud-init[950]: ci-info: +--------+-------+----------------------------+---------------+--------+-------------------+
[   15.117322] cloud-init[950]: ci-info: | enp0s3 |  True |         10.0.2.15          | 255.255.255.0 | global | 02:d7:6c:25:93:fc |
         Starting iSCSI initiator daemon (iscsid)...
[[0;32m  OK  [0m] Reached target Cloud-config availability.
[   15.351475] cloud-init[950]: ci-info: | enp0s3 |  True | fe80::d7:6cff:fe25:93fc/64 |       .       |  link  | 02:d7:6c:25:93:fc |
[   15.369811] cloud-init[950]: ci-info: | enp0s8 | False |             .              |       .       |   .    | 08:00:27:77:5d:36 |
[   15.371549] cloud-init[950]: ci-info: |   lo   |  True |         127.0.0.1          |   255.0.0.0   |  host  |         .         |
[[0;32m  OK  [0m] Reached target System Initialization.
[   15.374232] cloud-init[950]: ci-info: |   lo   |  True |          ::1/128           |       .       |  host  |         .         |
[   15.381176] cloud-init[950]: ci-info: +--------+-------+----------------------------+---------------+--------+-------------------+
[   15.617215] cloud-init[950]: ci-info: +++++++++++++++++++++++++++Route IPv4 info++++++++++++++++++++++++++++
[   15.663606] [[0;32m  OK  [0m] Listening on ACPID Listen Socket.
cloud-init[950]: ci-info: +-------+-------------+----------+---------------+-----------+-------+
[   15.730682] cloud-init[950]: ci-info: | Route | Destination | Gateway  |    Genmask    | Interface | Flags |
         Starting LXD - unix socket.
[   15.752190] cloud-init[950]: ci-info: +-------+-------------+----------+---------------+-----------+-------+
[   15.759738] [[0;32m  OK  [0m] Started ACPI Events Check.
[[0;32m  OK  [0m] Reached target Paths.
[[0;32m  OK  [0m] Started Message of the Day.
[[0;32m  OK  [0m] Started Daily Cleanup of Temporary Directories.
[[0;32m  OK  [0mcloud-init[950]: ci-info: |   0   |   0.0.0.0   | 10.0.2.2 |    0.0.0.0    |   enp0s3  |   UG  |
[   15.764964] cloud-init[950]: ci-info: |   1   |   10.0.2.0  | 0.0.0.0  | 255.255.255.0 |   enp0s3  |   U   |
[   15.764993] cloud-init[950]: ci-info: +-------+-------------+----------+---------------+-----------+-------+
[   15.765017] cloud-init[950]: ci-info: +++++++++++++++++++Route IPv6 info+++++++++++++++++++
[   15.765040] cloud-init[950]: ci-info: +-------+-------------+---------+-----------+-------+
[   15.765074] cloud-init[950]: ci-info: | Route | Destination | Gateway | Interface | Flags |
[   15.765115] cloud-init[950]: ci-info: +-------+-------------+---------+-----------+-------+
[   15.765134] cloud-init[950]: ci-info: |   0   |  fe80::/64  |    ::   |   enp0s3  |   U   |
[   15.765308] cloud-init[950]: ci-info: |   3   |   ff00::/8  |    ::   |   enp0s3  |   U   |
[   15.765349] cloud-init[950]: ci-info: +-------+-------------+---------+-----------+-------+
[   15.765372] cloud-init[950]: Generating public/private rsa key pair.
[   15.765396] cloud-init[950]: Your identification has been saved in /etc/ssh/ssh_host_rsa_key.
[   15.765444] cloud-init[950]: Your public key has been saved in /etc/ssh/ssh_host_rsa_key.pub.
[   15.765467] cloud-init[950]: The key fingerprint is:
[   15.765492] cloud-init[950]: SHA256:QrwO+ZrYODSkktNkfeUkX+pZfNQ8tHkKSGjNMvy+8RM root@ubuntu-xenial
[   15.765515] cloud-init[950]: The key's randomart image is:
[   15.765538] cloud-init[950]: +---[RSA 2048]----+
[   15.765561] cloud-init[950]: |       . +.  +.  |
[   15.765584] cloud-init[950]: |     .. O.+.. +o |
[   15.765606] cloud-init[950]: |   .  oB B... o..|
[   15.765629] cloud-init[950]: |  + .o..+ + .. o |
[   15.765652] cloud-init[950]: | B  o.o.S+ .  .  |
[   15.765674] cloud-init[950]: |= +  + .o o E    |
[   15.765695] cloud-init[950]: |.o .  o    + .   |
[   15.765719] cloud-init[950]: |  .+ o    . o    |
[   15.765743] cloud-init[950]: |  o.+        .   |
[   15.765766] cloud-init[950]: +----[SHA256]-----+
[   15.765788] cloud-init[950]: Generating public/private dsa key pair.
[   15.765811] cloud-init[950]: Your identification has been saved in /etc/ssh/ssh_host_dsa_key.
[   15.765834] cloud-init[950]: Your public key has been saved in /etc/ssh/ssh_host_dsa_key.pub.
[   15.765857] cloud-init[950]: The key fingerprint is:
[   15.765879] cloud-init[950]: SHA256:jYVinynIMq/nuIcpm22N7Cbm4uSa5DeMrwdz4P+i/cg root@ubuntu-xenial
[   15.765902] cloud-init[950]: The key's randomart image is:
[   15.765926] cloud-init[950]: +---[DSA 1024]----+
[   15.765948] cloud-init[950]: |                 |
[   15.765971] cloud-init[950]: |         .       |
[   15.765994] cloud-init[950]: |      o . .      |
[   15.766017] cloud-init[950]: | . . o o *       |
[   15.766054] cloud-init[950]: |. + o . S .      |
[   15.766080] cloud-init[950]: | + =   .         |
[   15.766103] cloud-init[950]: | +B=.            |
[   15.766125] cloud-init[950]: |O*XX=            |
[   15.766148] cloud-init[950]: |@#%E*o           |
[   15.766170] cloud-init[950]: +----[SHA256]-----+
[   15.766192] cloud-init[950]: Generating public/private ecdsa key pair.
[   15.766215] cloud-init[950]: Your identification has been saved in /etc/ssh/ssh_host_ecdsa_key.
[   15.766237] cloud-init[950]: Your public key has been saved in /etc/ssh/ssh_host_ecdsa_key.pub.
[   15.766262] cloud-init[950]: The key fingerprint is:
[   15.766287] cloud-init[950]: SHA256:YsuLgpsIVmskhCD6LTCGFrlPw8t+vzD3GTCdGR3hj5w root@ubuntu-xenial
[   15.766310] cloud-init[950]: The key's randomart image is:
[   15.766332] cloud-init[950]: +---[ECDSA 256]---+
[   15.766355] cloud-init[950]: |o..        o.    |
[   15.766378] cloud-init[950]: |*..       o .    |
[   15.766401] cloud-init[950]: |*+o      . o     |
[   15.766423] cloud-init[950]: |+= =    . = +    |
[   15.766446] cloud-init[950]: | .*o+ ooS+ E .   |
[   15.766468] cloud-init[950]: |  +=.o oo        |
[   15.766490] cloud-init[950]: |.o.o oo. .       |
[   15.766513] cloud-init[950]: |=.o. o+.. o      |
[   15.766535] cloud-init[950]: |+. .o oo.o       |
[   16.645084] cloud-init[950]: +----[SHA256]-----+
[   16.645162] cloud-init[950]: Generating public/private ed25519 key pair.
[   16.645229] cloud-init[950]: Your identification has been saved in /etc/ssh/ssh_host_ed25519_key.
[   16.645258] cloud-init[950]: Your public key has been saved in /etc/ssh/ssh_host_ed25519_key.pub.
[   16.645304] cloud-init[950]: The key fingerprint is:
[   16.645325] cloud-init[950]: SHA256:7BKJznxu9MbYzMfJOuv5MA7W9IlHU8HJAIVs4LJIki8 root@ubuntu-xenial
[   16.645344] cloud-init[950]: The key's randomart image is:
[   16.645363] cloud-init[950]: +--[ED25519 256]--+
[   16.645382] cloud-init[950]: |      .o.+o+..   |
[   16.645401] cloud-init[950]: | .   .  +   +.   |
[   16.646296] cloud-init[950]: |o . . ..    .    |
[   16.646396] cloud-init[950]: | + . + o   .     |
[   16.646424] cloud-init[950]: |E o o o S o      |
[   16.646522] cloud-init[950]: | . +  .= + o     |
[   16.646571] cloud-init[950]: |    +.=B*o+.     |
[   16.646597] cloud-init[950]: |     +o+O==      |
[   16.646622] cloud-init[950]: |     ..o**.      |
[   16.646648] cloud-init[950]: +----[SHA256]-----+
] Listening on D-Bus System Message Bus Socket.
[[0;32m  OK  [0m] Listening on UUID daemon activation socket.
         Starting Socket activation for snappy daemon.
[[0;32m  OK  [0m] Started Daily apt download activities.
[[0;32m  OK  [0m] Started Daily apt upgrade and clean activities.
[[0;32m  OK  [0m] Reached target Timers.
[[0;32m  OK  [0m] Listening on LXD - unix socket.
[[0;32m  OK  [0m] Listening on Socket activation for snappy daemon.
[[0;32m  OK  [0m] Started iSCSI initiator daemon (iscsid).
         Starting Login to default iSCSI targets...
[[0;32m  OK  [0m] Reached target Sockets.
[[0;32m  OK  [0m] Reached target Basic System.
[[0;32m  OK  [0m] Started Deferred execution scheduler.
         Starting LXD - container startup/shutdown...
         Starting Virtualbox guest utils...
         Starting Login Service...
[[0;32m  OK  [0m] Started FUSE filesystem for LXC.
         Starting Accounts Service...
[[0;32m  OK  [0m] Started Regular background program processing daemon.
[[0;32m  OK  [0m] Started D-Bus System Message Bus.
         Starting System Logging Service...
         Starting /etc/rc.local Compatibility...
         Starting LSB: Record successful boot for GRUB...
         Starting Pollinate to seed the pseudo random number generator...
         Starting LSB: MD monitoring daemon...
         Starting Snappy daemon...
[[0;32m  OK  [0m] Started ACPI event daemon.
[[0;32m  OK  [0m] Started System Logging Service.
[[0;32m  OK  [0m] Started LXD - container startup/shutdown.
[[0;32m  OK  [0m] Started /etc/rc.local Compatibility.
[[0;32m  OK  [0m] Started Login Service.
[[0;32m  OK  [0m] Started LSB: Record successful boot for GRUB.
[[0;32m  OK  [0m] Started LSB: MD monitoring daemon.
[[0;32m  OK  [0m] Started Virtualbox guest utils.
[[0;32m  OK  [0m] Started Login to default iSCSI targets.
[[0;32m  OK  [0m] Reached target Remote File Systems (Pre).
[[0;32m  OK  [0m] Reached target Remote File Systems.
         Starting LSB: Set the CPU Frequency Scaling governor to "ondemand"...
         Starting LSB: daemon to balance interrupts for SMP systems...
         Starting LSB: automatic crash report generation...
         Starting Permit User Sessions...
[[0;32m  OK  [0m] Started Unattended Upgrades Shutdown.
         Starting Authenticate and Authorize Users to Run Privileged Tasks...
[[0;32m  OK  [0m] Started Snappy daemon.
[[0;32m  OK  [0m] Started Pollinate to seed the pseudo random number generator.
[[0;32m  OK  [0m] Started Permit User Sessions.
[[0;32m  OK  [0m] Started LSB: Set the CPU Frequency Scaling governor to "ondemand".
[[0;32m  OK  [0m] Started LSB: automatic crash report generation.
[[0;32m  OK  [0m] Started Authenticate and Authorize Users to Run Privileged Tasks.
[[0;32m  OK  [0m] Started Accounts Service.
         Starting Terminate Plymouth Boot Screen...
         Starting Hold until boot process finishes up...
         Starting OpenBSD Secure Shell server...
         Starting Wait until snapd is fully seeded...
[[0;32m  OK  [0m] Started LSB: daemon to balance interrupts for SMP systems.
[[0;32m  OK  [0m] Started Terminate Plymouth Boot Screen.
[[0;32m  OK  [0m] Started Hold until boot process finishes up.
[[0;32m  OK  [0m] Started Getty on tty1.
[[0;32m  OK  [0m] Started Serial Getty on ttyS0.
[[0;32m  OK  [0m] Reached target Login Prompts.
         Starting Set console scheme...
[[0;32m  OK  [0m] Started OpenBSD Secure Shell server.
[[0;32m  OK  [0m] Started Set console scheme.
[[0;32m  OK  [0m] Created slice User Slice of vagrant.
         Starting User Manager for UID 1000...
[[0;32m  OK  [0m] Started User Manager for UID 1000.
[[0;32m  OK  [0m] Started Session 1 of user vagrant.
[[0;32m  OK  [0m] Started Wait until snapd is fully seeded.
[[0;32m  OK  [0m] Reached target Multi-User System.
[[0;32m  OK  [0m] Reached target Graphical Interface.
         Starting Update UTMP about System Runlevel Changes...
         Starting Apply the settings specified in cloud-config...
[[0;32m  OK  [0m] Started Update UTMP about System Runlevel Changes.
[   19.196017] cloud-init[1361]: Generating locales (this might take a while)...
[   19.906628] cloud-init[1361]:   en_US.UTF-8... done
[   19.912227] cloud-init[1361]: Generation complete.
[   20.101086] cloud-init[1361]: Cloud-init v. 19.3-41-gc4735dd3-0ubuntu1~16.04.1 running 'modules:config' at Wed, 29 Jan 2020 19:11:47 +0000. Up 19.08 seconds.
[[0;32m  OK  [0m] Started Apply the settings specified in cloud-config.
         Starting Execute cloud user/final scripts...
ci-info: no authorized ssh keys fingerprints found for user ubuntu.
<14>Jan 29 19:11:49 ec2: 
<14>Jan 29 19:11:49 ec2: #############################################################
<14>Jan 29 19:11:49 ec2: -----BEGIN SSH HOST KEY FINGERPRINTS-----
<14>Jan 29 19:11:49 ec2: 1024 SHA256:jYVinynIMq/nuIcpm22N7Cbm4uSa5DeMrwdz4P+i/cg root@ubuntu-xenial (DSA)
<14>Jan 29 19:11:49 ec2: 256 SHA256:YsuLgpsIVmskhCD6LTCGFrlPw8t+vzD3GTCdGR3hj5w root@ubuntu-xenial (ECDSA)
<14>Jan 29 19:11:49 ec2: 256 SHA256:7BKJznxu9MbYzMfJOuv5MA7W9IlHU8HJAIVs4LJIki8 root@ubuntu-xenial (ED25519)
<14>Jan 29 19:11:49 ec2: 2048 SHA256:QrwO+ZrYODSkktNkfeUkX+pZfNQ8tHkKSGjNMvy+8RM root@ubuntu-xenial (RSA)
<14>Jan 29 19:11:49 ec2: -----END SSH HOST KEY FINGERPRINTS-----
<14>Jan 29 19:11:49 ec2: #############################################################
-----BEGIN SSH HOST KEY KEYS-----
ecdsa-sha2-nistp256 AAAAE2VjZHNhLXNoYTItbmlzdHAyNTYAAAAIbmlzdHAyNTYAAABBBCLZN5E+ArAbsHVg7phajZUmVmPDJ8umQpVUPGUvfgPaZuWIs+P0kLtiDVfODkYPwnNKTrADc21VLrmIYbPD7qs= root@ubuntu-xenial
ssh-ed25519 AAAAC3NzaC1lZDI1NTE5AAAAIKvQ/01ALBPdGYnctVL2L7qydwjs+R8fRVkBzzFygE1+ root@ubuntu-xenial
ssh-rsa AAAAB3NzaC1yc2EAAAADAQABAAABAQDc4YvEMSdcu4Jcy8CXHktYu7VVk1sEmWxodEnP/UN6KJ8i092P0TSoB5tdKYLvzj1VpRusG65snyvbYhvrRRPShOwlMikaN42lTpDrXUSfrBkdH4GO6d18Nm1d7mhjXQBFdiN7h/xp22S9igCH8HanDIdHA2eFVRdng8Hx+OzLYjCjnXUSQGxmN9AK5tzoQiGbhGQxwOYysbLu/RbfwgufVa4n7jO7aY9Z5KF3pe03fmToOyNhzgoBD6YnuAPyH2GwhlFcpo30cq2EReubrvwKWv4pYxhhCVrBSqxYXpCmaOh2UYCLHhid56jGZ39HytuepE0idS7ei6XGRQoeqmvn root@ubuntu-xenial
-----END SSH HOST KEY KEYS-----
[   20.718604] cloud-init[1502]: Cloud-init v. 19.3-41-gc4735dd3-0ubuntu1~16.04.1 running 'modules:final' at Wed, 29 Jan 2020 19:11:49 +0000. Up 20.43 seconds.
[   20.755271] cloud-init[1502]: ci-info: no authorized ssh keys fingerprints found for user ubuntu.
[   20.757171] cloud-init[1502]: Cloud-init v. 19.3-41-gc4735dd3-0ubuntu1~16.04.1 finished at Wed, 29 Jan 2020 19:11:49 +0000. Datasource DataSourceNoCloud [seed=/dev/sdb][dsmode=net].  Up 20.70 seconds
[[0;32m  OK  [0m] Started Execute cloud user/final scripts.
[[0;32m  OK  [0m] Reached target Cloud-init target.

Ubuntu 16.04.6 LTS ubuntu-xenial ttyS0

ubuntu-xenial login: 